<?xml version="1.0" encoding="UTF-8"?>
<!-- Generated by org.testng.reporters.JUnitReportReporter -->
<testsuite hostname="DESKTOP-OUBE3OH" failures="0" tests="1" name="org.testing.TestScripts.Test_TC1" time="47.002" errors="0" timestamp="16 Jan 2024 17:37:02 GMT">
  <testcase classname="org.testing.TestScripts.Test_TC1" name="Trending_Click" time="47.002"/>
</testsuite> <!-- org.testing.TestScripts.Test_TC1 -->
